0 info it worked if it ends with ok
1 verbose cli [ '/usr/src/node/node-v6.11.3-linux-x64/bin/node',
1 verbose cli   '/usr/src/node/node-v6.11.3-linux-x64/bin/npm',
1 verbose cli   'run',
1 verbose cli   'release' ]
2 info using npm@3.10.10
3 info using node@v6.11.3
4 verbose run-script [ 'prerelease', 'release', 'postrelease' ]
5 info lifecycle @vpvickypareek1/npm_commands@1.0.0~prerelease: @vpvickypareek1/npm_commands@1.0.0
6 silly lifecycle @vpvickypareek1/npm_commands@1.0.0~prerelease: no script for prerelease, continuing
7 info lifecycle @vpvickypareek1/npm_commands@1.0.0~release: @vpvickypareek1/npm_commands@1.0.0
8 verbose lifecycle @vpvickypareek1/npm_commands@1.0.0~release: unsafe-perm in lifecycle true
9 verbose lifecycle @vpvickypareek1/npm_commands@1.0.0~release: PATH: /usr/src/node/node-v6.11.3-linux-x64/lib/node_modules/npm/bin/node-gyp-bin:/home/scrapbook/tutorial/maxbot/node_modules/.bin:./node_modules/.bin/:/usr/src/node/node-v6.11.3-linux-x64/bin:/usr/local/sbin:/usr/local/bin:/usr/sbin:/usr/bin:/sbin:/bin
10 verbose lifecycle @vpvickypareek1/npm_commands@1.0.0~release: CWD: /home/scrapbook/tutorial/maxbot
11 silly lifecycle @vpvickypareek1/npm_commands@1.0.0~release: Args: [ '-c',
11 silly lifecycle   'npm version patch && npm publish && git push --follow-tags' ]
12 silly lifecycle @vpvickypareek1/npm_commands@1.0.0~release: Returned: code: 1  signal: null
13 info lifecycle @vpvickypareek1/npm_commands@1.0.0~release: Failed to exec release script
14 verbose stack Error: @vpvickypareek1/npm_commands@1.0.0 release: `npm version patch && npm publish && git push --follow-tags`
14 verbose stack Exit status 1
14 verbose stack     at EventEmitter.<anonymous> (/usr/src/node/node-v6.11.3-linux-x64/lib/node_modules/npm/lib/utils/lifecycle.js:255:16)
14 verbose stack     at emitTwo (events.js:106:13)
14 verbose stack     at EventEmitter.emit (events.js:191:7)
14 verbose stack     at ChildProcess.<anonymous> (/usr/src/node/node-v6.11.3-linux-x64/lib/node_modules/npm/lib/utils/spawn.js:40:14)
14 verbose stack     at emitTwo (events.js:106:13)
14 verbose stack     at ChildProcess.emit (events.js:191:7)
14 verbose stack     at maybeClose (internal/child_process.js:920:16)
14 verbose stack     at Process.ChildProcess._handle.onexit (internal/child_process.js:230:5)
15 verbose pkgid @vpvickypareek1/npm_commands@1.0.0
16 verbose cwd /home/scrapbook/tutorial/maxbot
17 error Linux 4.15.0-45-generic
18 error argv "/usr/src/node/node-v6.11.3-linux-x64/bin/node" "/usr/src/node/node-v6.11.3-linux-x64/bin/npm" "run" "release"
19 error node v6.11.3
20 error npm  v3.10.10
21 error code ELIFECYCLE
22 error @vpvickypareek1/npm_commands@1.0.0 release: `npm version patch && npm publish && git push --follow-tags`
22 error Exit status 1
23 error Failed at the @vpvickypareek1/npm_commands@1.0.0 release script 'npm version patch && npm publish && git push --follow-tags'.
23 error Make sure you have the latest version of node.js and npm installed.
23 error If you do, this is most likely a problem with the @vpvickypareek1/npm_commands package,
23 error not with npm itself.
23 error Tell the author that this fails on your system:
23 error     npm version patch && npm publish && git push --follow-tags
23 error You can get information on how to open an issue for this project with:
23 error     npm bugs @vpvickypareek1/npm_commands
23 error Or if that isn't available, you can get their info via:
23 error     npm owner ls @vpvickypareek1/npm_commands
23 error There is likely additional logging output above.
24 verbose exit [ 1, true ]
